[2023-05-11T09:53:09.246+0000] {processor.py:156} INFO - Started process (PID=31) to work on /opt/airflow/dags/hello_world_dag.py
[2023-05-11T09:53:09.247+0000] {processor.py:799} INFO - Processing file /opt/airflow/dags/hello_world_dag.py for tasks to queue
[2023-05-11T09:53:09.247+0000] {logging_mixin.py:149} INFO - [2023-05-11T09:53:09.247+0000] {dagbag.py:541} INFO - Filling up the DagBag from /opt/airflow/dags/hello_world_dag.py
[2023-05-11T09:53:09.259+0000] {processor.py:809} INFO - DAG(s) dict_keys(['hello_world_id']) retrieved from /opt/airflow/dags/hello_world_dag.py
[2023-05-11T09:53:09.304+0000] {logging_mixin.py:149} INFO - [2023-05-11T09:53:09.304+0000] {dag.py:2726} INFO - Sync 1 DAGs
[2023-05-11T09:53:09.327+0000] {logging_mixin.py:149} INFO - [2023-05-11T09:53:09.327+0000] {dag.py:3490} INFO - Setting next_dagrun for hello_world_id to 2023-05-11T08:00:00+00:00, run_after=2023-05-11T09:00:00+00:00
[2023-05-11T09:53:09.344+0000] {processor.py:178} INFO - Processing /opt/airflow/dags/hello_world_dag.py took 0.101 seconds
[2023-05-11T09:53:39.392+0000] {processor.py:156} INFO - Started process (PID=39) to work on /opt/airflow/dags/hello_world_dag.py
[2023-05-11T09:53:39.394+0000] {processor.py:799} INFO - Processing file /opt/airflow/dags/hello_world_dag.py for tasks to queue
[2023-05-11T09:53:39.395+0000] {logging_mixin.py:149} INFO - [2023-05-11T09:53:39.394+0000] {dagbag.py:541} INFO - Filling up the DagBag from /opt/airflow/dags/hello_world_dag.py
[2023-05-11T09:53:39.402+0000] {processor.py:809} INFO - DAG(s) dict_keys(['hello_world_id']) retrieved from /opt/airflow/dags/hello_world_dag.py
[2023-05-11T09:53:39.426+0000] {logging_mixin.py:149} INFO - [2023-05-11T09:53:39.426+0000] {dag.py:2726} INFO - Sync 1 DAGs
[2023-05-11T09:53:39.447+0000] {logging_mixin.py:149} INFO - [2023-05-11T09:53:39.447+0000] {dag.py:3490} INFO - Setting next_dagrun for hello_world_id to 2023-05-11T09:00:00+00:00, run_after=2023-05-11T10:00:00+00:00
[2023-05-11T09:53:39.465+0000] {processor.py:178} INFO - Processing /opt/airflow/dags/hello_world_dag.py took 0.075 seconds
[2023-05-11T09:54:09.576+0000] {processor.py:156} INFO - Started process (PID=47) to work on /opt/airflow/dags/hello_world_dag.py
[2023-05-11T09:54:09.579+0000] {processor.py:799} INFO - Processing file /opt/airflow/dags/hello_world_dag.py for tasks to queue
[2023-05-11T09:54:09.579+0000] {logging_mixin.py:149} INFO - [2023-05-11T09:54:09.579+0000] {dagbag.py:541} INFO - Filling up the DagBag from /opt/airflow/dags/hello_world_dag.py
[2023-05-11T09:54:09.586+0000] {processor.py:809} INFO - DAG(s) dict_keys(['hello_world_id']) retrieved from /opt/airflow/dags/hello_world_dag.py
[2023-05-11T09:54:09.609+0000] {logging_mixin.py:149} INFO - [2023-05-11T09:54:09.609+0000] {dag.py:2726} INFO - Sync 1 DAGs
[2023-05-11T09:54:09.627+0000] {logging_mixin.py:149} INFO - [2023-05-11T09:54:09.627+0000] {dag.py:3490} INFO - Setting next_dagrun for hello_world_id to 2023-05-11T09:00:00+00:00, run_after=2023-05-11T10:00:00+00:00
[2023-05-11T09:54:09.642+0000] {processor.py:178} INFO - Processing /opt/airflow/dags/hello_world_dag.py took 0.068 seconds
[2023-05-11T09:54:39.704+0000] {processor.py:156} INFO - Started process (PID=55) to work on /opt/airflow/dags/hello_world_dag.py
[2023-05-11T09:54:39.704+0000] {processor.py:799} INFO - Processing file /opt/airflow/dags/hello_world_dag.py for tasks to queue
[2023-05-11T09:54:39.705+0000] {logging_mixin.py:149} INFO - [2023-05-11T09:54:39.705+0000] {dagbag.py:541} INFO - Filling up the DagBag from /opt/airflow/dags/hello_world_dag.py
[2023-05-11T09:54:39.713+0000] {processor.py:809} INFO - DAG(s) dict_keys(['hello_world_id']) retrieved from /opt/airflow/dags/hello_world_dag.py
[2023-05-11T09:54:39.735+0000] {logging_mixin.py:149} INFO - [2023-05-11T09:54:39.735+0000] {dag.py:2726} INFO - Sync 1 DAGs
[2023-05-11T09:54:39.753+0000] {logging_mixin.py:149} INFO - [2023-05-11T09:54:39.752+0000] {dag.py:3490} INFO - Setting next_dagrun for hello_world_id to 2023-05-11T09:00:00+00:00, run_after=2023-05-11T10:00:00+00:00
[2023-05-11T09:54:39.766+0000] {processor.py:178} INFO - Processing /opt/airflow/dags/hello_world_dag.py took 0.065 seconds
[2023-05-11T09:55:09.859+0000] {processor.py:156} INFO - Started process (PID=63) to work on /opt/airflow/dags/hello_world_dag.py
[2023-05-11T09:55:09.861+0000] {processor.py:799} INFO - Processing file /opt/airflow/dags/hello_world_dag.py for tasks to queue
[2023-05-11T09:55:09.861+0000] {logging_mixin.py:149} INFO - [2023-05-11T09:55:09.861+0000] {dagbag.py:541} INFO - Filling up the DagBag from /opt/airflow/dags/hello_world_dag.py
[2023-05-11T09:55:09.869+0000] {processor.py:809} INFO - DAG(s) dict_keys(['hello_world_id']) retrieved from /opt/airflow/dags/hello_world_dag.py
[2023-05-11T09:55:09.896+0000] {logging_mixin.py:149} INFO - [2023-05-11T09:55:09.896+0000] {dag.py:2726} INFO - Sync 1 DAGs
[2023-05-11T09:55:09.917+0000] {logging_mixin.py:149} INFO - [2023-05-11T09:55:09.917+0000] {dag.py:3490} INFO - Setting next_dagrun for hello_world_id to 2023-05-11T09:00:00+00:00, run_after=2023-05-11T10:00:00+00:00
[2023-05-11T09:55:09.938+0000] {processor.py:178} INFO - Processing /opt/airflow/dags/hello_world_dag.py took 0.082 seconds
[2023-05-11T09:55:39.986+0000] {processor.py:156} INFO - Started process (PID=71) to work on /opt/airflow/dags/hello_world_dag.py
[2023-05-11T09:55:39.986+0000] {processor.py:799} INFO - Processing file /opt/airflow/dags/hello_world_dag.py for tasks to queue
[2023-05-11T09:55:39.987+0000] {logging_mixin.py:149} INFO - [2023-05-11T09:55:39.986+0000] {dagbag.py:541} INFO - Filling up the DagBag from /opt/airflow/dags/hello_world_dag.py
[2023-05-11T09:55:39.994+0000] {processor.py:809} INFO - DAG(s) dict_keys(['hello_world_id']) retrieved from /opt/airflow/dags/hello_world_dag.py
[2023-05-11T09:55:40.015+0000] {logging_mixin.py:149} INFO - [2023-05-11T09:55:40.015+0000] {dag.py:2726} INFO - Sync 1 DAGs
[2023-05-11T09:55:40.034+0000] {logging_mixin.py:149} INFO - [2023-05-11T09:55:40.034+0000] {dag.py:3490} INFO - Setting next_dagrun for hello_world_id to 2023-05-11T09:00:00+00:00, run_after=2023-05-11T10:00:00+00:00
[2023-05-11T09:55:40.049+0000] {processor.py:178} INFO - Processing /opt/airflow/dags/hello_world_dag.py took 0.066 seconds
[2023-05-11T09:56:10.154+0000] {processor.py:156} INFO - Started process (PID=79) to work on /opt/airflow/dags/hello_world_dag.py
[2023-05-11T09:56:10.155+0000] {processor.py:799} INFO - Processing file /opt/airflow/dags/hello_world_dag.py for tasks to queue
[2023-05-11T09:56:10.156+0000] {logging_mixin.py:149} INFO - [2023-05-11T09:56:10.156+0000] {dagbag.py:541} INFO - Filling up the DagBag from /opt/airflow/dags/hello_world_dag.py
[2023-05-11T09:56:10.164+0000] {processor.py:809} INFO - DAG(s) dict_keys(['hello_world_id']) retrieved from /opt/airflow/dags/hello_world_dag.py
[2023-05-11T09:56:10.187+0000] {logging_mixin.py:149} INFO - [2023-05-11T09:56:10.187+0000] {dag.py:2726} INFO - Sync 1 DAGs
[2023-05-11T09:56:10.212+0000] {logging_mixin.py:149} INFO - [2023-05-11T09:56:10.212+0000] {dag.py:3490} INFO - Setting next_dagrun for hello_world_id to 2023-05-11T09:00:00+00:00, run_after=2023-05-11T10:00:00+00:00
[2023-05-11T09:56:10.230+0000] {processor.py:178} INFO - Processing /opt/airflow/dags/hello_world_dag.py took 0.078 seconds
[2023-05-11T09:56:40.283+0000] {processor.py:156} INFO - Started process (PID=87) to work on /opt/airflow/dags/hello_world_dag.py
[2023-05-11T09:56:40.285+0000] {processor.py:799} INFO - Processing file /opt/airflow/dags/hello_world_dag.py for tasks to queue
[2023-05-11T09:56:40.286+0000] {logging_mixin.py:149} INFO - [2023-05-11T09:56:40.285+0000] {dagbag.py:541} INFO - Filling up the DagBag from /opt/airflow/dags/hello_world_dag.py
[2023-05-11T09:56:40.293+0000] {processor.py:809} INFO - DAG(s) dict_keys(['hello_world_id']) retrieved from /opt/airflow/dags/hello_world_dag.py
[2023-05-11T09:56:40.316+0000] {logging_mixin.py:149} INFO - [2023-05-11T09:56:40.316+0000] {dag.py:2726} INFO - Sync 1 DAGs
[2023-05-11T09:56:40.336+0000] {logging_mixin.py:149} INFO - [2023-05-11T09:56:40.336+0000] {dag.py:3490} INFO - Setting next_dagrun for hello_world_id to 2023-05-11T09:00:00+00:00, run_after=2023-05-11T10:00:00+00:00
[2023-05-11T09:56:40.351+0000] {processor.py:178} INFO - Processing /opt/airflow/dags/hello_world_dag.py took 0.071 seconds
[2023-05-11T09:57:10.457+0000] {processor.py:156} INFO - Started process (PID=95) to work on /opt/airflow/dags/hello_world_dag.py
[2023-05-11T09:57:10.466+0000] {processor.py:799} INFO - Processing file /opt/airflow/dags/hello_world_dag.py for tasks to queue
[2023-05-11T09:57:10.467+0000] {logging_mixin.py:149} INFO - [2023-05-11T09:57:10.467+0000] {dagbag.py:541} INFO - Filling up the DagBag from /opt/airflow/dags/hello_world_dag.py
[2023-05-11T09:57:10.474+0000] {processor.py:809} INFO - DAG(s) dict_keys(['hello_world_id']) retrieved from /opt/airflow/dags/hello_world_dag.py
[2023-05-11T09:57:10.496+0000] {logging_mixin.py:149} INFO - [2023-05-11T09:57:10.496+0000] {dag.py:2726} INFO - Sync 1 DAGs
[2023-05-11T09:57:10.515+0000] {logging_mixin.py:149} INFO - [2023-05-11T09:57:10.515+0000] {dag.py:3490} INFO - Setting next_dagrun for hello_world_id to 2023-05-11T09:00:00+00:00, run_after=2023-05-11T10:00:00+00:00
[2023-05-11T09:57:10.533+0000] {processor.py:178} INFO - Processing /opt/airflow/dags/hello_world_dag.py took 0.078 seconds
[2023-05-11T09:57:40.581+0000] {processor.py:156} INFO - Started process (PID=104) to work on /opt/airflow/dags/hello_world_dag.py
[2023-05-11T09:57:40.591+0000] {processor.py:799} INFO - Processing file /opt/airflow/dags/hello_world_dag.py for tasks to queue
[2023-05-11T09:57:40.592+0000] {logging_mixin.py:149} INFO - [2023-05-11T09:57:40.592+0000] {dagbag.py:541} INFO - Filling up the DagBag from /opt/airflow/dags/hello_world_dag.py
[2023-05-11T09:57:40.599+0000] {processor.py:809} INFO - DAG(s) dict_keys(['hello_world_id']) retrieved from /opt/airflow/dags/hello_world_dag.py
[2023-05-11T09:57:40.621+0000] {logging_mixin.py:149} INFO - [2023-05-11T09:57:40.621+0000] {dag.py:2726} INFO - Sync 1 DAGs
[2023-05-11T09:57:40.639+0000] {logging_mixin.py:149} INFO - [2023-05-11T09:57:40.639+0000] {dag.py:3490} INFO - Setting next_dagrun for hello_world_id to 2023-05-11T09:00:00+00:00, run_after=2023-05-11T10:00:00+00:00
[2023-05-11T09:57:40.654+0000] {processor.py:178} INFO - Processing /opt/airflow/dags/hello_world_dag.py took 0.075 seconds
[2023-05-11T09:58:10.760+0000] {processor.py:156} INFO - Started process (PID=112) to work on /opt/airflow/dags/hello_world_dag.py
[2023-05-11T09:58:10.770+0000] {processor.py:799} INFO - Processing file /opt/airflow/dags/hello_world_dag.py for tasks to queue
[2023-05-11T09:58:10.771+0000] {logging_mixin.py:149} INFO - [2023-05-11T09:58:10.771+0000] {dagbag.py:541} INFO - Filling up the DagBag from /opt/airflow/dags/hello_world_dag.py
[2023-05-11T09:58:10.778+0000] {processor.py:809} INFO - DAG(s) dict_keys(['hello_world_id']) retrieved from /opt/airflow/dags/hello_world_dag.py
[2023-05-11T09:58:10.801+0000] {logging_mixin.py:149} INFO - [2023-05-11T09:58:10.801+0000] {dag.py:2726} INFO - Sync 1 DAGs
[2023-05-11T09:58:10.821+0000] {logging_mixin.py:149} INFO - [2023-05-11T09:58:10.821+0000] {dag.py:3490} INFO - Setting next_dagrun for hello_world_id to 2023-05-11T09:00:00+00:00, run_after=2023-05-11T10:00:00+00:00
[2023-05-11T09:58:10.839+0000] {processor.py:178} INFO - Processing /opt/airflow/dags/hello_world_dag.py took 0.081 seconds
[2023-05-11T09:58:40.902+0000] {processor.py:156} INFO - Started process (PID=120) to work on /opt/airflow/dags/hello_world_dag.py
[2023-05-11T09:58:40.912+0000] {processor.py:799} INFO - Processing file /opt/airflow/dags/hello_world_dag.py for tasks to queue
[2023-05-11T09:58:40.913+0000] {logging_mixin.py:149} INFO - [2023-05-11T09:58:40.913+0000] {dagbag.py:541} INFO - Filling up the DagBag from /opt/airflow/dags/hello_world_dag.py
[2023-05-11T09:58:40.923+0000] {processor.py:809} INFO - DAG(s) dict_keys(['hello_world_id']) retrieved from /opt/airflow/dags/hello_world_dag.py
[2023-05-11T09:58:40.949+0000] {logging_mixin.py:149} INFO - [2023-05-11T09:58:40.949+0000] {dag.py:2726} INFO - Sync 1 DAGs
[2023-05-11T09:58:40.973+0000] {logging_mixin.py:149} INFO - [2023-05-11T09:58:40.972+0000] {dag.py:3490} INFO - Setting next_dagrun for hello_world_id to 2023-05-11T09:00:00+00:00, run_after=2023-05-11T10:00:00+00:00
[2023-05-11T09:58:41.108+0000] {processor.py:178} INFO - Processing /opt/airflow/dags/hello_world_dag.py took 0.210 seconds
[2023-05-11T09:59:11.212+0000] {processor.py:156} INFO - Started process (PID=128) to work on /opt/airflow/dags/hello_world_dag.py
[2023-05-11T09:59:11.222+0000] {processor.py:799} INFO - Processing file /opt/airflow/dags/hello_world_dag.py for tasks to queue
[2023-05-11T09:59:11.223+0000] {logging_mixin.py:149} INFO - [2023-05-11T09:59:11.223+0000] {dagbag.py:541} INFO - Filling up the DagBag from /opt/airflow/dags/hello_world_dag.py
[2023-05-11T09:59:11.231+0000] {processor.py:809} INFO - DAG(s) dict_keys(['hello_world_id']) retrieved from /opt/airflow/dags/hello_world_dag.py
[2023-05-11T09:59:11.256+0000] {logging_mixin.py:149} INFO - [2023-05-11T09:59:11.256+0000] {dag.py:2726} INFO - Sync 1 DAGs
[2023-05-11T09:59:11.361+0000] {logging_mixin.py:149} INFO - [2023-05-11T09:59:11.361+0000] {dag.py:3490} INFO - Setting next_dagrun for hello_world_id to 2023-05-11T09:00:00+00:00, run_after=2023-05-11T10:00:00+00:00
[2023-05-11T09:59:11.375+0000] {processor.py:178} INFO - Processing /opt/airflow/dags/hello_world_dag.py took 0.167 seconds
[2023-05-11T09:59:41.483+0000] {processor.py:156} INFO - Started process (PID=136) to work on /opt/airflow/dags/hello_world_dag.py
[2023-05-11T09:59:41.483+0000] {processor.py:799} INFO - Processing file /opt/airflow/dags/hello_world_dag.py for tasks to queue
[2023-05-11T09:59:41.484+0000] {logging_mixin.py:149} INFO - [2023-05-11T09:59:41.484+0000] {dagbag.py:541} INFO - Filling up the DagBag from /opt/airflow/dags/hello_world_dag.py
[2023-05-11T09:59:41.491+0000] {processor.py:809} INFO - DAG(s) dict_keys(['hello_world_id']) retrieved from /opt/airflow/dags/hello_world_dag.py
[2023-05-11T09:59:41.512+0000] {logging_mixin.py:149} INFO - [2023-05-11T09:59:41.512+0000] {dag.py:2726} INFO - Sync 1 DAGs
[2023-05-11T09:59:41.610+0000] {logging_mixin.py:149} INFO - [2023-05-11T09:59:41.609+0000] {dag.py:3490} INFO - Setting next_dagrun for hello_world_id to 2023-05-11T09:00:00+00:00, run_after=2023-05-11T10:00:00+00:00
[2023-05-11T09:59:41.627+0000] {processor.py:178} INFO - Processing /opt/airflow/dags/hello_world_dag.py took 0.147 seconds
[2023-05-11T10:00:11.735+0000] {processor.py:156} INFO - Started process (PID=144) to work on /opt/airflow/dags/hello_world_dag.py
[2023-05-11T10:00:11.736+0000] {processor.py:799} INFO - Processing file /opt/airflow/dags/hello_world_dag.py for tasks to queue
[2023-05-11T10:00:11.737+0000] {logging_mixin.py:149} INFO - [2023-05-11T10:00:11.737+0000] {dagbag.py:541} INFO - Filling up the DagBag from /opt/airflow/dags/hello_world_dag.py
[2023-05-11T10:00:11.744+0000] {processor.py:809} INFO - DAG(s) dict_keys(['hello_world_id']) retrieved from /opt/airflow/dags/hello_world_dag.py
[2023-05-11T10:00:11.842+0000] {logging_mixin.py:149} INFO - [2023-05-11T10:00:11.842+0000] {dag.py:2726} INFO - Sync 1 DAGs
[2023-05-11T10:00:11.859+0000] {logging_mixin.py:149} INFO - [2023-05-11T10:00:11.859+0000] {dag.py:3490} INFO - Setting next_dagrun for hello_world_id to 2023-05-11T10:00:00+00:00, run_after=2023-05-11T11:00:00+00:00
[2023-05-11T10:00:11.874+0000] {processor.py:178} INFO - Processing /opt/airflow/dags/hello_world_dag.py took 0.141 seconds
[2023-05-11T10:00:41.986+0000] {processor.py:156} INFO - Started process (PID=152) to work on /opt/airflow/dags/hello_world_dag.py
[2023-05-11T10:00:41.988+0000] {processor.py:799} INFO - Processing file /opt/airflow/dags/hello_world_dag.py for tasks to queue
[2023-05-11T10:00:41.988+0000] {logging_mixin.py:149} INFO - [2023-05-11T10:00:41.988+0000] {dagbag.py:541} INFO - Filling up the DagBag from /opt/airflow/dags/hello_world_dag.py
[2023-05-11T10:00:41.996+0000] {processor.py:809} INFO - DAG(s) dict_keys(['hello_world_id']) retrieved from /opt/airflow/dags/hello_world_dag.py
[2023-05-11T10:00:42.018+0000] {logging_mixin.py:149} INFO - [2023-05-11T10:00:42.018+0000] {dag.py:2726} INFO - Sync 1 DAGs
[2023-05-11T10:00:42.037+0000] {logging_mixin.py:149} INFO - [2023-05-11T10:00:42.037+0000] {dag.py:3490} INFO - Setting next_dagrun for hello_world_id to 2023-05-11T10:00:00+00:00, run_after=2023-05-11T11:00:00+00:00
[2023-05-11T10:00:42.053+0000] {processor.py:178} INFO - Processing /opt/airflow/dags/hello_world_dag.py took 0.069 seconds
[2023-05-11T10:01:12.113+0000] {processor.py:156} INFO - Started process (PID=160) to work on /opt/airflow/dags/hello_world_dag.py
[2023-05-11T10:01:12.114+0000] {processor.py:799} INFO - Processing file /opt/airflow/dags/hello_world_dag.py for tasks to queue
[2023-05-11T10:01:12.114+0000] {logging_mixin.py:149} INFO - [2023-05-11T10:01:12.114+0000] {dagbag.py:541} INFO - Filling up the DagBag from /opt/airflow/dags/hello_world_dag.py
[2023-05-11T10:01:12.121+0000] {processor.py:809} INFO - DAG(s) dict_keys(['hello_world_id']) retrieved from /opt/airflow/dags/hello_world_dag.py
[2023-05-11T10:01:12.144+0000] {logging_mixin.py:149} INFO - [2023-05-11T10:01:12.144+0000] {dag.py:2726} INFO - Sync 1 DAGs
[2023-05-11T10:01:12.163+0000] {logging_mixin.py:149} INFO - [2023-05-11T10:01:12.162+0000] {dag.py:3490} INFO - Setting next_dagrun for hello_world_id to 2023-05-11T10:00:00+00:00, run_after=2023-05-11T11:00:00+00:00
[2023-05-11T10:01:12.181+0000] {processor.py:178} INFO - Processing /opt/airflow/dags/hello_world_dag.py took 0.070 seconds
[2023-05-11T10:01:42.284+0000] {processor.py:156} INFO - Started process (PID=168) to work on /opt/airflow/dags/hello_world_dag.py
[2023-05-11T10:01:42.294+0000] {processor.py:799} INFO - Processing file /opt/airflow/dags/hello_world_dag.py for tasks to queue
[2023-05-11T10:01:42.294+0000] {logging_mixin.py:149} INFO - [2023-05-11T10:01:42.294+0000] {dagbag.py:541} INFO - Filling up the DagBag from /opt/airflow/dags/hello_world_dag.py
[2023-05-11T10:01:42.301+0000] {processor.py:809} INFO - DAG(s) dict_keys(['hello_world_id']) retrieved from /opt/airflow/dags/hello_world_dag.py
[2023-05-11T10:01:42.321+0000] {logging_mixin.py:149} INFO - [2023-05-11T10:01:42.321+0000] {dag.py:2726} INFO - Sync 1 DAGs
[2023-05-11T10:01:42.340+0000] {logging_mixin.py:149} INFO - [2023-05-11T10:01:42.340+0000] {dag.py:3490} INFO - Setting next_dagrun for hello_world_id to 2023-05-11T10:00:00+00:00, run_after=2023-05-11T11:00:00+00:00
[2023-05-11T10:01:42.438+0000] {processor.py:178} INFO - Processing /opt/airflow/dags/hello_world_dag.py took 0.157 seconds
[2023-05-11T10:02:12.542+0000] {processor.py:156} INFO - Started process (PID=176) to work on /opt/airflow/dags/hello_world_dag.py
[2023-05-11T10:02:12.544+0000] {processor.py:799} INFO - Processing file /opt/airflow/dags/hello_world_dag.py for tasks to queue
[2023-05-11T10:02:12.545+0000] {logging_mixin.py:149} INFO - [2023-05-11T10:02:12.545+0000] {dagbag.py:541} INFO - Filling up the DagBag from /opt/airflow/dags/hello_world_dag.py
[2023-05-11T10:02:12.552+0000] {processor.py:809} INFO - DAG(s) dict_keys(['hello_world_id']) retrieved from /opt/airflow/dags/hello_world_dag.py
[2023-05-11T10:02:12.573+0000] {logging_mixin.py:149} INFO - [2023-05-11T10:02:12.573+0000] {dag.py:2726} INFO - Sync 1 DAGs
[2023-05-11T10:02:12.672+0000] {logging_mixin.py:149} INFO - [2023-05-11T10:02:12.672+0000] {dag.py:3490} INFO - Setting next_dagrun for hello_world_id to 2023-05-11T10:00:00+00:00, run_after=2023-05-11T11:00:00+00:00
[2023-05-11T10:02:12.688+0000] {processor.py:178} INFO - Processing /opt/airflow/dags/hello_world_dag.py took 0.148 seconds
[2023-05-11T10:02:42.795+0000] {processor.py:156} INFO - Started process (PID=184) to work on /opt/airflow/dags/hello_world_dag.py
[2023-05-11T10:02:42.795+0000] {processor.py:799} INFO - Processing file /opt/airflow/dags/hello_world_dag.py for tasks to queue
[2023-05-11T10:02:42.796+0000] {logging_mixin.py:149} INFO - [2023-05-11T10:02:42.795+0000] {dagbag.py:541} INFO - Filling up the DagBag from /opt/airflow/dags/hello_world_dag.py
[2023-05-11T10:02:42.803+0000] {processor.py:809} INFO - DAG(s) dict_keys(['hello_world_id']) retrieved from /opt/airflow/dags/hello_world_dag.py
[2023-05-11T10:02:42.829+0000] {logging_mixin.py:149} INFO - [2023-05-11T10:02:42.829+0000] {dag.py:2726} INFO - Sync 1 DAGs
[2023-05-11T10:02:42.942+0000] {logging_mixin.py:149} INFO - [2023-05-11T10:02:42.942+0000] {dag.py:3490} INFO - Setting next_dagrun for hello_world_id to 2023-05-11T10:00:00+00:00, run_after=2023-05-11T11:00:00+00:00
[2023-05-11T10:02:42.963+0000] {processor.py:178} INFO - Processing /opt/airflow/dags/hello_world_dag.py took 0.171 seconds
[2023-05-11T10:03:13.067+0000] {processor.py:156} INFO - Started process (PID=192) to work on /opt/airflow/dags/hello_world_dag.py
[2023-05-11T10:03:13.076+0000] {processor.py:799} INFO - Processing file /opt/airflow/dags/hello_world_dag.py for tasks to queue
[2023-05-11T10:03:13.077+0000] {logging_mixin.py:149} INFO - [2023-05-11T10:03:13.077+0000] {dagbag.py:541} INFO - Filling up the DagBag from /opt/airflow/dags/hello_world_dag.py
[2023-05-11T10:03:13.084+0000] {processor.py:809} INFO - DAG(s) dict_keys(['hello_world_id']) retrieved from /opt/airflow/dags/hello_world_dag.py
[2023-05-11T10:03:13.105+0000] {logging_mixin.py:149} INFO - [2023-05-11T10:03:13.105+0000] {dag.py:2726} INFO - Sync 1 DAGs
[2023-05-11T10:03:13.124+0000] {logging_mixin.py:149} INFO - [2023-05-11T10:03:13.124+0000] {dag.py:3490} INFO - Setting next_dagrun for hello_world_id to 2023-05-11T10:00:00+00:00, run_after=2023-05-11T11:00:00+00:00
[2023-05-11T10:03:13.142+0000] {processor.py:178} INFO - Processing /opt/airflow/dags/hello_world_dag.py took 0.078 seconds
[2023-05-11T10:03:43.199+0000] {processor.py:156} INFO - Started process (PID=200) to work on /opt/airflow/dags/hello_world_dag.py
[2023-05-11T10:03:43.199+0000] {processor.py:799} INFO - Processing file /opt/airflow/dags/hello_world_dag.py for tasks to queue
[2023-05-11T10:03:43.200+0000] {logging_mixin.py:149} INFO - [2023-05-11T10:03:43.200+0000] {dagbag.py:541} INFO - Filling up the DagBag from /opt/airflow/dags/hello_world_dag.py
[2023-05-11T10:03:43.207+0000] {processor.py:809} INFO - DAG(s) dict_keys(['hello_world_id']) retrieved from /opt/airflow/dags/hello_world_dag.py
[2023-05-11T10:03:43.228+0000] {logging_mixin.py:149} INFO - [2023-05-11T10:03:43.228+0000] {dag.py:2726} INFO - Sync 1 DAGs
[2023-05-11T10:03:43.246+0000] {logging_mixin.py:149} INFO - [2023-05-11T10:03:43.246+0000] {dag.py:3490} INFO - Setting next_dagrun for hello_world_id to 2023-05-11T10:00:00+00:00, run_after=2023-05-11T11:00:00+00:00
[2023-05-11T10:03:43.261+0000] {processor.py:178} INFO - Processing /opt/airflow/dags/hello_world_dag.py took 0.065 seconds
[2023-05-11T10:04:13.374+0000] {processor.py:156} INFO - Started process (PID=208) to work on /opt/airflow/dags/hello_world_dag.py
[2023-05-11T10:04:13.385+0000] {processor.py:799} INFO - Processing file /opt/airflow/dags/hello_world_dag.py for tasks to queue
[2023-05-11T10:04:13.386+0000] {logging_mixin.py:149} INFO - [2023-05-11T10:04:13.386+0000] {dagbag.py:541} INFO - Filling up the DagBag from /opt/airflow/dags/hello_world_dag.py
[2023-05-11T10:04:13.395+0000] {processor.py:809} INFO - DAG(s) dict_keys(['hello_world_id']) retrieved from /opt/airflow/dags/hello_world_dag.py
[2023-05-11T10:04:13.422+0000] {logging_mixin.py:149} INFO - [2023-05-11T10:04:13.422+0000] {dag.py:2726} INFO - Sync 1 DAGs
[2023-05-11T10:04:13.447+0000] {logging_mixin.py:149} INFO - [2023-05-11T10:04:13.447+0000] {dag.py:3490} INFO - Setting next_dagrun for hello_world_id to 2023-05-11T10:00:00+00:00, run_after=2023-05-11T11:00:00+00:00
[2023-05-11T10:04:13.469+0000] {processor.py:178} INFO - Processing /opt/airflow/dags/hello_world_dag.py took 0.098 seconds
[2023-05-11T10:04:43.502+0000] {processor.py:156} INFO - Started process (PID=216) to work on /opt/airflow/dags/hello_world_dag.py
[2023-05-11T10:04:43.502+0000] {processor.py:799} INFO - Processing file /opt/airflow/dags/hello_world_dag.py for tasks to queue
[2023-05-11T10:04:43.503+0000] {logging_mixin.py:149} INFO - [2023-05-11T10:04:43.503+0000] {dagbag.py:541} INFO - Filling up the DagBag from /opt/airflow/dags/hello_world_dag.py
[2023-05-11T10:04:43.509+0000] {processor.py:809} INFO - DAG(s) dict_keys(['hello_world_id']) retrieved from /opt/airflow/dags/hello_world_dag.py
[2023-05-11T10:04:43.531+0000] {logging_mixin.py:149} INFO - [2023-05-11T10:04:43.531+0000] {dag.py:2726} INFO - Sync 1 DAGs
[2023-05-11T10:04:43.643+0000] {logging_mixin.py:149} INFO - [2023-05-11T10:04:43.643+0000] {dag.py:3490} INFO - Setting next_dagrun for hello_world_id to 2023-05-11T10:00:00+00:00, run_after=2023-05-11T11:00:00+00:00
[2023-05-11T10:04:43.659+0000] {processor.py:178} INFO - Processing /opt/airflow/dags/hello_world_dag.py took 0.160 seconds
